{"message":"Bookmark with id 51512 does not exist","level":"error"}
{"message":"Bookmark with id 51512 does not exist","level":"error"}
{"message":"Bookmark with id 51512 does not exist","level":"error"}
{"message":"Bookmark with id 51512 does not exist","level":"error"}
{"message":"Bookmark with id 51512 does not exist","level":"error"}
{"message":"Bookmark with id 5 does not exist","level":"error"}
{"message":"Title:  not valid","level":"error"}
{"message":"Rating:  not valid","level":"error"}
{"message":"Rating: 16 not valid","level":"error"}
{"message":"Title: ad not valid","level":"error"}
{"message":"Title: undefined not valid","level":"error"}
{"message":"Title: undefined not valid","level":"error"}
{"message":"Title: undefined not valid","level":"error"}
{"message":"Title: undefined not valid","level":"error"}
{"message":"Title: undefined not valid","level":"error"}
{"message":"Title: undefined not valid","level":"error"}
{"message":"Title: undefined not valid","level":"error"}
{"message":"Title: undefined not valid","level":"error"}
{"message":"Title: undefined not valid","level":"error"}
{"message":"Bookmark with id 3 does not exist","level":"error"}
{"message":"Unauthorized request to path: /bookmarks/","level":"error"}
{"message":"Title:  not valid","level":"error"}
{"message":"Rating: 16 not valid","level":"error"}
{"message":"Unauthorized request to path: /bookmarks/","level":"error"}
{"message":"Bookmark with id 2 does not exist","level":"error"}
